[ 2019-04-26T08:40:03+08:00 ] ::1 /Public/Default/statics/emoji/js/emoji-picker.js.map
INFO: [ app_init ] --START--
INFO: Run Behavior\BuildLiteBehavior [ RunTime:0.000008s ]
INFO: [ app_init ] --END-- [ RunTime:0.000523s ]
ERR: 无法加载模块:Public

[ 2019-04-26T09:08:46+08:00 ] ::1 /Public/Default/statics/emoji/js/emoji-picker.js.map
INFO: [ app_init ] --START--
INFO: Run Behavior\BuildLiteBehavior [ RunTime:0.000010s ]
INFO: [ app_init ] --END-- [ RunTime:0.000620s ]
ERR: 无法加载模块:Public

[ 2019-04-26T09:09:51+08:00 ] ::1 /Public/Default/statics/emoji/js/emoji-picker.js.map
INFO: [ app_init ] --START--
INFO: Run Behavior\BuildLiteBehavior [ RunTime:0.000007s ]
INFO: [ app_init ] --END-- [ RunTime:0.000445s ]
ERR: 无法加载模块:Public

[ 2019-04-26T09:10:10+08:00 ] ::1 /Public/Default/statics/emoji/js/emoji-picker.js.map
INFO: [ app_init ] --START--
INFO: Run Behavior\BuildLiteBehavior [ RunTime:0.000009s ]
INFO: [ app_init ] --END-- [ RunTime:0.000538s ]
ERR: 无法加载模块:Public

[ 2019-04-26T09:10:10+08:00 ] ::1 /Public/Default/statics/emoji/js/emoji-picker.js.map
INFO: [ app_init ] --START--
INFO: Run Behavior\BuildLiteBehavior [ RunTime:0.000006s ]
INFO: [ app_init ] --END-- [ RunTime:0.000484s ]
ERR: 无法加载模块:Public

[ 2019-04-26T09:10:10+08:00 ] ::1 /Public/Default/statics/emoji/js/emoji-picker.js.map
INFO: [ app_init ] --START--
INFO: Run Behavior\BuildLiteBehavior [ RunTime:0.000006s ]
INFO: [ app_init ] --END-- [ RunTime:0.000426s ]
ERR: 无法加载模块:Public

[ 2019-04-26T09:10:10+08:00 ] ::1 /Public/Default/statics/emoji/js/emoji-picker.js.map
INFO: [ app_init ] --START--
INFO: Run Behavior\BuildLiteBehavior [ RunTime:0.000007s ]
INFO: [ app_init ] --END-- [ RunTime:0.000452s ]
ERR: 无法加载模块:Public

[ 2019-04-26T09:10:11+08:00 ] ::1 /Public/Default/statics/emoji/js/emoji-picker.js.map
INFO: [ app_init ] --START--
INFO: Run Behavior\BuildLiteBehavior [ RunTime:0.000008s ]
INFO: [ app_init ] --END-- [ RunTime:0.000505s ]
ERR: 无法加载模块:Public

[ 2019-04-26T09:10:11+08:00 ] ::1 /Public/Default/statics/emoji/js/emoji-picker.js.map
INFO: [ app_init ] --START--
INFO: Run Behavior\BuildLiteBehavior [ RunTime:0.000007s ]
INFO: [ app_init ] --END-- [ RunTime:0.000419s ]
ERR: 无法加载模块:Public

[ 2019-04-26T09:11:04+08:00 ] ::1 /Public/Default/statics/emoji/js/emoji-picker.js.map
INFO: [ app_init ] --START--
INFO: Run Behavior\BuildLiteBehavior [ RunTime:0.000010s ]
INFO: [ app_init ] --END-- [ RunTime:0.000477s ]
ERR: 无法加载模块:Public

[ 2019-04-26T09:14:16+08:00 ] ::1 /Public/Default/statics/emoji/js/emoji-picker.js.map
INFO: [ app_init ] --START--
INFO: Run Behavior\BuildLiteBehavior [ RunTime:0.000010s ]
INFO: [ app_init ] --END-- [ RunTime:0.000552s ]
ERR: 无法加载模块:Public

