[ 2019-04-17T09:36:31+08:00 ] ::1 /
INFO: [ app_init ] --START--
INFO: Run Behavior\BuildLiteBehavior [ RunTime:0.000014s ]
INFO: [ app_init ] --END-- [ RunTime:0.000880s ]
INFO: [ app_begin ] --START--
INFO: Run Behavior\ReadHtmlCacheBehavior [ RunTime:0.000856s ]
INFO: [ app_begin ] --END-- [ RunTime:0.000889s ]
NOTIC: [2] session_set_save_handler() expects parameter 1 to be SessionHandlerInterface, object given F:\XAMPPi\htdocs\storage\Framework\Common\functions.php 第 1263 行.
INFO: [ view_parse ] --START--
INFO: [ template_filter ] --START--
INFO: Run Behavior\ContentReplaceBehavior [ RunTime:0.008093s ]
INFO: [ template_filter ] --END-- [ RunTime:0.008126s ]
INFO: Run Behavior\ParseTemplateBehavior [ RunTime:0.016403s ]
INFO: [ view_parse ] --END-- [ RunTime:0.016459s ]
INFO: [ view_filter ] --START--
INFO: Run Behavior\WriteHtmlCacheBehavior [ RunTime:0.000781s ]
INFO: [ view_filter ] --END-- [ RunTime:0.000801s ]
INFO: [ app_end ] --START--
INFO: Run Behavior\ShowPageTraceBehavior [ RunTime:0.000844s ]
INFO: [ app_end ] --END-- [ RunTime:0.000863s ]

